<?xml version="1.0" encoding="UTF-8"?>
<!-- Generated by org.testng.reporters.JUnitXMLReporter -->
<testsuite hostname="BDC6-LX-723061Y" ignored="0" name="CI299" tests="15" failures="0" timestamp="29 Aug 2018 10:41:49 GMT" time="0.007" errors="0">
  <testcase name="@BeforeTest checkTestcaseSkip" time="0.0" classname="com.hasbro.ci2018.CI299">
    <skipped/>
  </testcase> <!-- @BeforeTest checkTestcaseSkip -->
  <testcase name="@BeforeMethod Refresh" time="0.0" classname="com.hasbro.ci2018.CI299">
    <skipped/>
  </testcase> <!-- @BeforeMethod Refresh -->
  <testcase name="@BeforeMethod Refresh" time="0.0" classname="com.hasbro.ci2018.CI299">
    <skipped/>
  </testcase> <!-- @BeforeMethod Refresh -->
  <testcase name="@BeforeMethod Refresh" time="0.0" classname="com.hasbro.ci2018.CI299">
    <skipped/>
  </testcase> <!-- @BeforeMethod Refresh -->
  <testcase name="@BeforeMethod Refresh" time="0.0" classname="com.hasbro.ci2018.CI299">
    <skipped/>
  </testcase> <!-- @BeforeMethod Refresh -->
  <testcase name="@BeforeMethod Refresh" time="0.0" classname="com.hasbro.ci2018.CI299">
    <skipped/>
  </testcase> <!-- @BeforeMethod Refresh -->
  <testcase name="@BeforeMethod Refresh" time="0.0" classname="com.hasbro.ci2018.CI299">
    <skipped/>
  </testcase> <!-- @BeforeMethod Refresh -->
  <testcase name="@BeforeMethod Refresh" time="0.0" classname="com.hasbro.ci2018.CI299">
    <skipped/>
  </testcase> <!-- @BeforeMethod Refresh -->
  <testcase name="@BeforeMethod Refresh" time="0.0" classname="com.hasbro.ci2018.CI299">
    <skipped/>
  </testcase> <!-- @BeforeMethod Refresh -->
  <testcase name="@BeforeMethod Refresh" time="0.0" classname="com.hasbro.ci2018.CI299">
    <skipped/>
  </testcase> <!-- @BeforeMethod Refresh -->
  <testcase name="@BeforeMethod Refresh" time="0.0" classname="com.hasbro.ci2018.CI299">
    <skipped/>
  </testcase> <!-- @BeforeMethod Refresh -->
  <testcase name="@BeforeMethod Refresh" time="0.0" classname="com.hasbro.ci2018.CI299">
    <skipped/>
  </testcase> <!-- @BeforeMethod Refresh -->
  <testcase name="@BeforeMethod Refresh" time="0.0" classname="com.hasbro.ci2018.CI299">
    <skipped/>
  </testcase> <!-- @BeforeMethod Refresh -->
  <testcase name="@BeforeMethod Refresh" time="0.0" classname="com.hasbro.ci2018.CI299">
    <skipped/>
  </testcase> <!-- @BeforeMethod Refresh -->
  <testcase name="@BeforeMethod Refresh" time="0.0" classname="com.hasbro.ci2018.CI299">
    <skipped/>
  </testcase> <!-- @BeforeMethod Refresh -->
  <testcase name="@BeforeMethod Refresh" time="0.0" classname="com.hasbro.ci2018.CI299">
    <skipped/>
  </testcase> <!-- @BeforeMethod Refresh -->
  <testcase name="@AfterTest reportTestcaseResult" time="0.0" classname="com.hasbro.ci2018.CI299">
    <skipped/>
  </testcase> <!-- @AfterTest reportTestcaseResult -->
  <testcase name="tcCI" time="0.0" classname="com.hasbro.ci2018.CI299">
    <skipped/>
  </testcase> <!-- tcCI -->
  <testcase name="tcCI" time="0.0" classname="com.hasbro.ci2018.CI299">
    <skipped/>
  </testcase> <!-- tcCI -->
  <testcase name="tcCI" time="0.0" classname="com.hasbro.ci2018.CI299">
    <skipped/>
  </testcase> <!-- tcCI -->
  <testcase name="tcCI" time="0.0" classname="com.hasbro.ci2018.CI299">
    <skipped/>
  </testcase> <!-- tcCI -->
  <testcase name="tcCI" time="0.0" classname="com.hasbro.ci2018.CI299">
    <skipped/>
  </testcase> <!-- tcCI -->
  <testcase name="tcCI" time="0.0" classname="com.hasbro.ci2018.CI299">
    <skipped/>
  </testcase> <!-- tcCI -->
  <testcase name="tcCI" time="0.0" classname="com.hasbro.ci2018.CI299">
    <skipped/>
  </testcase> <!-- tcCI -->
  <testcase name="tcCI" time="0.0" classname="com.hasbro.ci2018.CI299">
    <skipped/>
  </testcase> <!-- tcCI -->
  <testcase name="tcCI" time="0.0" classname="com.hasbro.ci2018.CI299">
    <skipped/>
  </testcase> <!-- tcCI -->
  <testcase name="tcCI" time="0.0" classname="com.hasbro.ci2018.CI299">
    <skipped/>
  </testcase> <!-- tcCI -->
  <testcase name="tcCI" time="0.0" classname="com.hasbro.ci2018.CI299">
    <skipped/>
  </testcase> <!-- tcCI -->
  <testcase name="tcCI" time="0.0" classname="com.hasbro.ci2018.CI299">
    <skipped/>
  </testcase> <!-- tcCI -->
  <testcase name="tcCI" time="0.0" classname="com.hasbro.ci2018.CI299">
    <skipped/>
  </testcase> <!-- tcCI -->
  <testcase name="tcCI" time="0.0" classname="com.hasbro.ci2018.CI299">
    <skipped/>
  </testcase> <!-- tcCI -->
  <testcase name="tcCI" time="0.0" classname="com.hasbro.ci2018.CI299">
    <skipped/>
  </testcase> <!-- tcCI -->
</testsuite> <!-- CI299 -->
