<?xml version="1.0" encoding="UTF-8"?>
<!-- Generated by org.testng.reporters.JUnitXMLReporter -->
<testsuite hostname="BDC6-LX-723061Y" ignored="0" name="SanitySuite3" tests="26" failures="0" timestamp="30 Aug 2018 03:54:37 GMT" time="0.352" errors="0">
  <testcase name="@BeforeTest checkTestcaseSkip" time="0.134" classname="com.hasbro.sanity.SanitySuite3">
    <skipped/>
  </testcase> <!-- @BeforeTest checkTestcaseSkip -->
  <testcase name="@AfterMethod reporterdataSetResult" time="0.0" classname="com.hasbro.sanity.SanitySuite3">
    <skipped/>
  </testcase> <!-- @AfterMethod reporterdataSetResult -->
  <testcase name="@AfterMethod reporterdataSetResult" time="0.0" classname="com.hasbro.sanity.SanitySuite3">
    <skipped/>
  </testcase> <!-- @AfterMethod reporterdataSetResult -->
  <testcase name="@AfterMethod reporterdataSetResult" time="0.0" classname="com.hasbro.sanity.SanitySuite3">
    <skipped/>
  </testcase> <!-- @AfterMethod reporterdataSetResult -->
  <testcase name="@AfterMethod reporterdataSetResult" time="0.0" classname="com.hasbro.sanity.SanitySuite3">
    <skipped/>
  </testcase> <!-- @AfterMethod reporterdataSetResult -->
  <testcase name="@AfterMethod reporterdataSetResult" time="0.0" classname="com.hasbro.sanity.SanitySuite3">
    <skipped/>
  </testcase> <!-- @AfterMethod reporterdataSetResult -->
  <testcase name="@AfterMethod reporterdataSetResult" time="0.0" classname="com.hasbro.sanity.SanitySuite3">
    <skipped/>
  </testcase> <!-- @AfterMethod reporterdataSetResult -->
  <testcase name="@AfterMethod reporterdataSetResult" time="0.0" classname="com.hasbro.sanity.SanitySuite3">
    <skipped/>
  </testcase> <!-- @AfterMethod reporterdataSetResult -->
  <testcase name="@AfterMethod reporterdataSetResult" time="0.0" classname="com.hasbro.sanity.SanitySuite3">
    <skipped/>
  </testcase> <!-- @AfterMethod reporterdataSetResult -->
  <testcase name="@AfterMethod reporterdataSetResult" time="0.0" classname="com.hasbro.sanity.SanitySuite3">
    <skipped/>
  </testcase> <!-- @AfterMethod reporterdataSetResult -->
  <testcase name="@AfterMethod reporterdataSetResult" time="0.0" classname="com.hasbro.sanity.SanitySuite3">
    <skipped/>
  </testcase> <!-- @AfterMethod reporterdataSetResult -->
  <testcase name="@AfterMethod reporterdataSetResult" time="0.0" classname="com.hasbro.sanity.SanitySuite3">
    <skipped/>
  </testcase> <!-- @AfterMethod reporterdataSetResult -->
  <testcase name="@AfterMethod reporterdataSetResult" time="0.0" classname="com.hasbro.sanity.SanitySuite3">
    <skipped/>
  </testcase> <!-- @AfterMethod reporterdataSetResult -->
  <testcase name="@AfterMethod reporterdataSetResult" time="0.0" classname="com.hasbro.sanity.SanitySuite3">
    <skipped/>
  </testcase> <!-- @AfterMethod reporterdataSetResult -->
  <testcase name="@AfterMethod reporterdataSetResult" time="0.0" classname="com.hasbro.sanity.SanitySuite3">
    <skipped/>
  </testcase> <!-- @AfterMethod reporterdataSetResult -->
  <testcase name="@AfterMethod reporterdataSetResult" time="0.0" classname="com.hasbro.sanity.SanitySuite3">
    <skipped/>
  </testcase> <!-- @AfterMethod reporterdataSetResult -->
  <testcase name="@AfterMethod reporterdataSetResult" time="0.0" classname="com.hasbro.sanity.SanitySuite3">
    <skipped/>
  </testcase> <!-- @AfterMethod reporterdataSetResult -->
  <testcase name="@AfterMethod reporterdataSetResult" time="0.0" classname="com.hasbro.sanity.SanitySuite3">
    <skipped/>
  </testcase> <!-- @AfterMethod reporterdataSetResult -->
  <testcase name="@AfterMethod reporterdataSetResult" time="0.0" classname="com.hasbro.sanity.SanitySuite3">
    <skipped/>
  </testcase> <!-- @AfterMethod reporterdataSetResult -->
  <testcase name="@AfterMethod reporterdataSetResult" time="0.0" classname="com.hasbro.sanity.SanitySuite3">
    <skipped/>
  </testcase> <!-- @AfterMethod reporterdataSetResult -->
  <testcase name="@AfterMethod reporterdataSetResult" time="0.0" classname="com.hasbro.sanity.SanitySuite3">
    <skipped/>
  </testcase> <!-- @AfterMethod reporterdataSetResult -->
  <testcase name="@AfterMethod reporterdataSetResult" time="0.0" classname="com.hasbro.sanity.SanitySuite3">
    <skipped/>
  </testcase> <!-- @AfterMethod reporterdataSetResult -->
  <testcase name="@AfterMethod reporterdataSetResult" time="0.0" classname="com.hasbro.sanity.SanitySuite3">
    <skipped/>
  </testcase> <!-- @AfterMethod reporterdataSetResult -->
  <testcase name="@AfterMethod reporterdataSetResult" time="0.0" classname="com.hasbro.sanity.SanitySuite3">
    <skipped/>
  </testcase> <!-- @AfterMethod reporterdataSetResult -->
  <testcase name="@AfterMethod reporterdataSetResult" time="0.0" classname="com.hasbro.sanity.SanitySuite3">
    <skipped/>
  </testcase> <!-- @AfterMethod reporterdataSetResult -->
  <testcase name="@AfterMethod reporterdataSetResult" time="0.0" classname="com.hasbro.sanity.SanitySuite3">
    <skipped/>
  </testcase> <!-- @AfterMethod reporterdataSetResult -->
  <testcase name="@AfterMethod reporterdataSetResult" time="0.0" classname="com.hasbro.sanity.SanitySuite3">
    <skipped/>
  </testcase> <!-- @AfterMethod reporterdataSetResult -->
  <testcase name="@AfterTest reportTestcaseResult" time="0.0" classname="com.hasbro.sanity.SanitySuite3">
    <skipped/>
  </testcase> <!-- @AfterTest reportTestcaseResult -->
  <testcase name="tcSCFunctional" time="0.0" classname="com.hasbro.sanity.SanitySuite3">
    <skipped/>
  </testcase> <!-- tcSCFunctional -->
  <testcase name="tcSCFunctional" time="0.0" classname="com.hasbro.sanity.SanitySuite3">
    <skipped/>
  </testcase> <!-- tcSCFunctional -->
  <testcase name="tcSCFunctional" time="0.0" classname="com.hasbro.sanity.SanitySuite3">
    <skipped/>
  </testcase> <!-- tcSCFunctional -->
  <testcase name="tcSCFunctional" time="0.0" classname="com.hasbro.sanity.SanitySuite3">
    <skipped/>
  </testcase> <!-- tcSCFunctional -->
  <testcase name="tcSCFunctional" time="0.0" classname="com.hasbro.sanity.SanitySuite3">
    <skipped/>
  </testcase> <!-- tcSCFunctional -->
  <testcase name="tcSCFunctional" time="0.0" classname="com.hasbro.sanity.SanitySuite3">
    <skipped/>
  </testcase> <!-- tcSCFunctional -->
  <testcase name="tcSCFunctional" time="0.0" classname="com.hasbro.sanity.SanitySuite3">
    <skipped/>
  </testcase> <!-- tcSCFunctional -->
  <testcase name="tcSCFunctional" time="0.0" classname="com.hasbro.sanity.SanitySuite3">
    <skipped/>
  </testcase> <!-- tcSCFunctional -->
  <testcase name="tcSCFunctional" time="0.0" classname="com.hasbro.sanity.SanitySuite3">
    <skipped/>
  </testcase> <!-- tcSCFunctional -->
  <testcase name="tcSCFunctional" time="0.0" classname="com.hasbro.sanity.SanitySuite3">
    <skipped/>
  </testcase> <!-- tcSCFunctional -->
  <testcase name="tcSCFunctional" time="0.0" classname="com.hasbro.sanity.SanitySuite3">
    <skipped/>
  </testcase> <!-- tcSCFunctional -->
  <testcase name="tcSCFunctional" time="0.0" classname="com.hasbro.sanity.SanitySuite3">
    <skipped/>
  </testcase> <!-- tcSCFunctional -->
  <testcase name="tcSCFunctional" time="0.0" classname="com.hasbro.sanity.SanitySuite3">
    <skipped/>
  </testcase> <!-- tcSCFunctional -->
  <testcase name="tcSCFunctional" time="0.0" classname="com.hasbro.sanity.SanitySuite3">
    <skipped/>
  </testcase> <!-- tcSCFunctional -->
  <testcase name="tcSCFunctional" time="0.0" classname="com.hasbro.sanity.SanitySuite3">
    <skipped/>
  </testcase> <!-- tcSCFunctional -->
  <testcase name="tcSCFunctional" time="0.0" classname="com.hasbro.sanity.SanitySuite3">
    <skipped/>
  </testcase> <!-- tcSCFunctional -->
  <testcase name="tcSCFunctional" time="0.0" classname="com.hasbro.sanity.SanitySuite3">
    <skipped/>
  </testcase> <!-- tcSCFunctional -->
  <testcase name="tcSCFunctional" time="0.0" classname="com.hasbro.sanity.SanitySuite3">
    <skipped/>
  </testcase> <!-- tcSCFunctional -->
  <testcase name="tcSCFunctional" time="0.0" classname="com.hasbro.sanity.SanitySuite3">
    <skipped/>
  </testcase> <!-- tcSCFunctional -->
  <testcase name="tcSCFunctional" time="0.0" classname="com.hasbro.sanity.SanitySuite3">
    <skipped/>
  </testcase> <!-- tcSCFunctional -->
  <testcase name="tcSCFunctional" time="0.0" classname="com.hasbro.sanity.SanitySuite3">
    <skipped/>
  </testcase> <!-- tcSCFunctional -->
  <testcase name="tcSCFunctional" time="0.0" classname="com.hasbro.sanity.SanitySuite3">
    <skipped/>
  </testcase> <!-- tcSCFunctional -->
  <testcase name="tcSCFunctional" time="0.0" classname="com.hasbro.sanity.SanitySuite3">
    <skipped/>
  </testcase> <!-- tcSCFunctional -->
  <testcase name="tcSCFunctional" time="0.0" classname="com.hasbro.sanity.SanitySuite3">
    <skipped/>
  </testcase> <!-- tcSCFunctional -->
  <testcase name="tcSCFunctional" time="0.0" classname="com.hasbro.sanity.SanitySuite3">
    <skipped/>
  </testcase> <!-- tcSCFunctional -->
  <testcase name="tcSCFunctional" time="0.0" classname="com.hasbro.sanity.SanitySuite3">
    <skipped/>
  </testcase> <!-- tcSCFunctional -->
</testsuite> <!-- SanitySuite3 -->
